<?xml version="1.0" encoding="UTF-8"?>
<!-- Generated by org.testng.reporters.JUnitXMLReporter -->
<testsuite ignored="0" hostname="LAPTOP-B5GOUU81" failures="0" tests="5" name="Default test" time="0.065" errors="0" timestamp="2023-07-13T15:57:05 IST">
  <testcase classname="com.test.GetRecentPlayedSong" name="user1" time="0.007"/>
  <testcase classname="com.test.GetRecentPlayedSong" name="user2" time="0.001"/>
  <testcase classname="com.test.GetRecentPlayedSong" name="user3" time="0.0"/>
  <testcase classname="com.test.GetRecentPlayedSong" name="user4" time="0.001"/>
  <testcase classname="com.test.GetRecentPlayedSong" name="user4Negative" time="0.001"/>
</testsuite> <!-- Default test -->
