<?xml version="1.0" encoding="UTF-8"?>
<testng-results ignored="0" total="5" passed="5" failed="0" skipped="0">
  <reporter-output>
  </reporter-output>
  <suite started-at="2023-07-13T15:57:05 IST" name="Default suite" finished-at="2023-07-13T15:57:05 IST" duration-ms="65">
    <groups>
    </groups>
    <test started-at="2023-07-13T15:57:05 IST" name="Default test" finished-at="2023-07-13T15:57:05 IST" duration-ms="65">
      <class name="com.test.GetRecentPlayedSong">
        <test-method is-config="true" signature="test()[pri:0, instance:com.test.GetRecentPlayedSong@1356d4d4]" started-at="2023-07-13T15:57:05 IST" name="test" finished-at="2023-07-13T15:57:05 IST" duration-ms="17" status="PASS">
          <reporter-output>
          </reporter-output>
        </test-method> <!-- test -->
        <test-method signature="user1()[pri:0, instance:com.test.GetRecentPlayedSong@1356d4d4]" started-at="2023-07-13T15:57:05 IST" name="user1" finished-at="2023-07-13T15:57:05 IST" duration-ms="7" status="PASS">
          <reporter-output>
          </reporter-output>
        </test-method> <!-- user1 -->
        <test-method signature="user2()[pri:0, instance:com.test.GetRecentPlayedSong@1356d4d4]" started-at="2023-07-13T15:57:05 IST" name="user2" finished-at="2023-07-13T15:57:05 IST" duration-ms="1" status="PASS">
          <reporter-output>
          </reporter-output>
        </test-method> <!-- user2 -->
        <test-method signature="user3()[pri:0, instance:com.test.GetRecentPlayedSong@1356d4d4]" started-at="2023-07-13T15:57:05 IST" name="user3" finished-at="2023-07-13T15:57:05 IST" duration-ms="0" status="PASS">
          <reporter-output>
          </reporter-output>
        </test-method> <!-- user3 -->
        <test-method signature="user4()[pri:0, instance:com.test.GetRecentPlayedSong@1356d4d4]" started-at="2023-07-13T15:57:05 IST" name="user4" finished-at="2023-07-13T15:57:05 IST" duration-ms="1" status="PASS">
          <reporter-output>
          </reporter-output>
        </test-method> <!-- user4 -->
        <test-method signature="user4Negative()[pri:0, instance:com.test.GetRecentPlayedSong@1356d4d4]" started-at="2023-07-13T15:57:05 IST" name="user4Negative" finished-at="2023-07-13T15:57:05 IST" duration-ms="1" status="PASS">
          <reporter-output>
          </reporter-output>
        </test-method> <!-- user4Negative -->
      </class> <!-- com.test.GetRecentPlayedSong -->
    </test> <!-- Default test -->
  </suite> <!-- Default suite -->
</testng-results>
